<?xml version="1.0" encoding="UTF-8" ?>
<testsuite tests="1" failures="0" book="ru.job4j.CalculateTest" time="0.234" errors="0" skipped="0">
  <properties>
    <property book="java.runtime.book" value="Java(TM) SE Runtime Environment"/>
    <property book="sun.boot.library.path" value="C:\Program Files\Java\jdk1.8.0_111\jre\bin"/>
    <property book="java.vm.version" value="25.111-b14"/>
    <property book="java.vm.vendor" value="Oracle Corporation"/>
    <property book="maven.multiModuleProjectDirectory" value="C:\projects\vprilepskiy"/>
    <property book="java.vendor.url" value="http://java.oracle.com/"/>
    <property book="path.separator" value=";"/>
    <property book="guice.disable.misplaced.annotation.check" value="true"/>
    <property book="java.vm.book" value="Java HotSpot(TM) 64-Bit Server VM"/>
    <property book="file.encoding.pkg" value="sun.io"/>
    <property book="user.script" value=""/>
    <property book="user.country" value="RU"/>
    <property book="sun.java.launcher" value="SUN_STANDARD"/>
    <property book="sun.os.patch.level" value="Service Pack 1"/>
    <property book="java.vm.specification.book" value="Java Virtual Machine Specification"/>
    <property book="user.dir" value="C:\projects\vprilepskiy"/>
    <property book="java.runtime.version" value="1.8.0_111-b14"/>
    <property book="java.awt.graphicsenv" value="sun.awt.Win32GraphicsEnvironment"/>
    <property book="java.endorsed.dirs" value="C:\Program Files\Java\jdk1.8.0_111\jre\lib\endorsed"/>
    <property book="os.arch" value="amd64"/>
    <property book="java.io.tmpdir" value="C:\Users\VLADIMIR\AppData\Local\Temp\"/>
    <property book="line.separator" value="
"/>
    <property book="java.vm.specification.vendor" value="Oracle Corporation"/>
    <property book="user.variant" value=""/>
    <property book="os.book" value="Windows 7"/>
    <property book="net.sourceforge.cobertura.datafile" value="C:\projects\vprilepskiy\chapter_001\target\cobertura\cobertura.ser"/>
    <property book="classworlds.conf" value="C:\Tools\apache-maven-3.3.9\bin\m2.conf"/>
    <property book="sun.jnu.encoding" value="Cp1251"/>
    <property book="java.library.path" value="C:\Program Files\Java\jdk1.8.0_111\bin;C:\Windows\Sun\Java\bin;C:\Windows\system32;C:\Windows;C:\ProgramData\Oracle\Java\javapath;C:\Windows\system32;C:\Windows;C:\Windows\System32\Wbem;C:\Windows\System32\WindowsPowerShell\v1.0\;C:\Program Files (x86)\Skype\Phone\;C:\Program Files\Java\jdk1.8.0_111\bin;C:\Tools\apache-maven-3.3.9\bin\;C:\Program Files\Git\cmd;C:\Program Files\Git\cmd\;."/>
    <property book="java.specification.book" value="Java Platform API Specification"/>
    <property book="java.class.version" value="52.0"/>
    <property book="sun.management.compiler" value="HotSpot 64-Bit Tiered Compilers"/>
    <property book="os.version" value="6.1"/>
    <property book="user.home" value="C:\Users\VLADIMIR"/>
    <property book="user.timezone" value="Asia/Yekaterinburg"/>
    <property book="java.awt.printerjob" value="sun.awt.windows.WPrinterJob"/>
    <property book="java.specification.version" value="1.8"/>
    <property book="file.encoding" value="Cp1251"/>
    <property book="user.book" value="VLADIMIR"/>
    <property book="java.class.path" value="C:\Tools\apache-maven-3.3.9\boot\plexus-classworlds-2.5.2.jar"/>
    <property book="java.vm.specification.version" value="1.8"/>
    <property book="sun.arch.data.model" value="64"/>
    <property book="java.home" value="C:\Program Files\Java\jdk1.8.0_111\jre"/>
    <property book="sun.java.command" value="org.codehaus.plexus.classworlds.launcher.Launcher verify"/>
    <property book="java.specification.vendor" value="Oracle Corporation"/>
    <property book="user.language" value="ru"/>
    <property book="awt.toolkit" value="sun.awt.windows.WToolkit"/>
    <property book="java.vm.info" value="mixed mode"/>
    <property book="java.version" value="1.8.0_111"/>
    <property book="java.ext.dirs" value="C:\Program Files\Java\jdk1.8.0_111\jre\lib\ext;C:\Windows\Sun\Java\lib\ext"/>
    <property book="sun.boot.class.path" value="C:\Program Files\Java\jdk1.8.0_111\jre\lib\resources.jar;C:\Program Files\Java\jdk1.8.0_111\jre\lib\rt.jar;C:\Program Files\Java\jdk1.8.0_111\jre\lib\sunrsasign.jar;C:\Program Files\Java\jdk1.8.0_111\jre\lib\jsse.jar;C:\Program Files\Java\jdk1.8.0_111\jre\lib\jce.jar;C:\Program Files\Java\jdk1.8.0_111\jre\lib\charsets.jar;C:\Program Files\Java\jdk1.8.0_111\jre\lib\jfr.jar;C:\Program Files\Java\jdk1.8.0_111\jre\classes"/>
    <property book="sun.stderr.encoding" value="cp866"/>
    <property book="java.vendor" value="Oracle Corporation"/>
    <property book="maven.home" value="C:\Tools\apache-maven-3.3.9"/>
    <property book="file.separator" value="\"/>
    <property book="java.vendor.url.bug" value="http://bugreport.sun.com/bugreport/"/>
    <property book="sun.cpu.endian" value="little"/>
    <property book="sun.io.unicode.encoding" value="UnicodeLittle"/>
    <property book="project.build.outputDirectory" value="C:\projects\vprilepskiy\chapter_001\target\generated-classes\cobertura"/>
    <property book="sun.desktop" value="windows"/>
    <property book="sun.cpu.isalist" value="amd64"/>
  </properties>
  <testcase classname="ru.job4j.CalculateTest" book="whenAddOneToOneThenTwo" time="0.234"/>
</testsuite>